<?xml version="1.0" encoding="UTF-8"?>
<!-- Generated by org.testng.reporters.JUnitXMLReporter -->
<testsuite hostname="puppet.kasun.org" name="Test - APPmanager" tests="11" failures="0" timestamp="30 Sep 2014 13:56:51 GMT" time="318.878" errors="0">
  <testcase name="testSAMLToBackend" time="62.688" classname="org.wso2.carbon.appmanager.integration.ui.TestCases.SAMLtoBackendTestCase"/>
  <testcase name="testJWTGeneration" time="63.666" classname="org.wso2.carbon.appmanager.integration.ui.TestCases.JWTGenerationTestCase"/>
  <testcase name="testResourceAuthRoles" time="4.77" classname="org.wso2.carbon.appmanager.integration.ui.TestCases.ResourceAuthXCMLTestCase"/>
  <testcase name="testThrottlingTier" time="16.398" classname="org.wso2.carbon.appmanager.integration.ui.TestCases.ThrottlingTestCase"/>
  <testcase name="testTags" time="2.229" classname="org.wso2.carbon.appmanager.integration.ui.TestCases.TagsTestCase"/>
  <testcase name="testResourceAuthRoles" time="4.441" classname="org.wso2.carbon.appmanager.integration.ui.TestCases.ResourceAuthRolesTestCase"/>
  <testcase name="testApplicationSubscribe" time="1.281" classname="org.wso2.carbon.appmanager.integration.ui.TestCases.LifeCycleTestCase"/>
  <testcase name="testSSO" time="2.006" classname="org.wso2.carbon.appmanager.integration.ui.TestCases.SSOTestCase"/>
  <testcase name="testSSOut" time="3.411" classname="org.wso2.carbon.appmanager.integration.ui.TestCases.SSOutTestCase"/>
  <testcase name="testApplicationDeletion" time="1.278" classname="org.wso2.carbon.appmanager.integration.ui.TestCases.AppDeleteTestCase"/>
  <testcase name="testSelfSignUp" time="3.515" classname="org.wso2.carbon.appmanager.integration.ui.TestCases.SelfSignUpTestCase"/>
</testsuite> <!-- Test - APPmanager -->
